STATUS | wrapper  | 2014/09/28 21:04:39 | --> Wrapper Started as Console
STATUS | wrapper  | 2014/09/28 21:04:39 | Launching a JVM...
INFO   | jvm 1    | 2014/09/28 21:04:43 | Wrapper (Version 3.2.3) http://wrapper.tanukisoftware.org
INFO   | jvm 1    | 2014/09/28 21:04:43 |   Copyright 1999-2006 Tanuki Software, Inc.  All Rights Reserved.
INFO   | jvm 1    | 2014/09/28 21:04:43 | 
INFO   | jvm 1    | 2014/09/28 21:04:43 | Java Runtime: Oracle Corporation 1.7.0_45 C:\Program Files\Java\jre7
INFO   | jvm 1    | 2014/09/28 21:04:43 |   Heap sizes: current=61440k  free=56177k  max=932352k
INFO   | jvm 1    | 2014/09/28 21:04:43 |     JVM args: -Dactivemq.home=../.. -Dactivemq.base=../.. -Djavax.net.ssl.keyStorePassword=password -Djavax.net.ssl.trustStorePassword=password -Djavax.net.ssl.keyStore=../../conf/broker.ks -Djavax.net.ssl.trustStore=../../conf/broker.ts -Dcom.sun.management.jmxremote -Dorg.apache.activemq.UseDedicatedTaskRunner=true -Djava.util.logging.config.file=logging.properties -Dactivemq.conf=../../conf -Dactivemq.data=../../data -Djava.security.auth.login.config=../../conf/login.config -Xmx1024m -Djava.library.path=../../bin/win64 -Dwrapper.key=F9NGKHVT1YiMKvZz -Dwrapper.port=32000 -Dwrapper.jvm.port.min=31000 -Dwrapper.jvm.port.max=31999 -Dwrapper.pid=936 -Dwrapper.version=3.2.3 -Dwrapper.native_library=wrapper -Dwrapper.cpu.timeout=10 -Dwrapper.jvmid=1
INFO   | jvm 1    | 2014/09/28 21:04:43 | Extensions classpath:
INFO   | jvm 1    | 2014/09/28 21:04:43 |   [..\..\lib,..\..\lib\camel,..\..\lib\optional,..\..\lib\web,..\..\lib\extra]
INFO   | jvm 1    | 2014/09/28 21:04:43 | ACTIVEMQ_HOME: ..\..
INFO   | jvm 1    | 2014/09/28 21:04:43 | ACTIVEMQ_BASE: ..\..
INFO   | jvm 1    | 2014/09/28 21:04:43 | ACTIVEMQ_CONF: ..\..\conf
INFO   | jvm 1    | 2014/09/28 21:04:43 | ACTIVEMQ_DATA: ..\..\data
INFO   | jvm 1    | 2014/09/28 21:04:44 | Loading message broker from: xbean:activemq.xml
INFO   | jvm 1    | 2014/09/28 21:04:46 |  INFO | Refreshing org.apache.activemq.xbean.XBeanBrokerFactory$1@15ee86f2: startup date [Sun Sep 28 21:04:46 SGT 2014]; root of context hierarchy
INFO   | jvm 1    | 2014/09/28 21:04:54 |  INFO | PListStore:[C:\activemq\apache-activemq-5.10.0\bin\win64\..\..\data\localhost\tmp_storage] started
INFO   | jvm 1    | 2014/09/28 21:04:54 |  INFO | Using Persistence Adapter: KahaDBPersistenceAdapter[C:\activemq\apache-activemq-5.10.0\bin\win64\..\..\data\kahadb]
INFO   | jvm 1    | 2014/09/28 21:04:55 |  INFO | Apache ActiveMQ 5.10.0 (localhost, ID:GERRY-ASUS-51335-1411909495255-0:1) is starting
INFO   | jvm 1    | 2014/09/28 21:04:55 |  INFO | Listening for connections at: tcp://GERRY-ASUS:61616?maximumConnections=1000&wireFormat.maxFrameSize=104857600
INFO   | jvm 1    | 2014/09/28 21:04:55 |  INFO | Connector openwire started
INFO   | jvm 1    | 2014/09/28 21:04:55 |  INFO | Listening for connections at: amqp://GERRY-ASUS:5672?maximumConnections=1000&wireFormat.maxFrameSize=104857600
INFO   | jvm 1    | 2014/09/28 21:04:55 |  INFO | Connector amqp started
INFO   | jvm 1    | 2014/09/28 21:04:56 |  INFO | Listening for connections at: stomp://GERRY-ASUS:61613?maximumConnections=1000&wireFormat.maxFrameSize=104857600
INFO   | jvm 1    | 2014/09/28 21:04:56 |  INFO | Connector stomp started
INFO   | jvm 1    | 2014/09/28 21:04:56 |  INFO | Listening for connections at: mqtt://GERRY-ASUS:1883?maximumConnections=1000&wireFormat.maxFrameSize=104857600
INFO   | jvm 1    | 2014/09/28 21:04:56 |  INFO | Connector mqtt started
INFO   | jvm 1    | 2014/09/28 21:04:57 |  INFO | Listening for connections at ws://GERRY-ASUS:61614?maximumConnections=1000&wireFormat.maxFrameSize=104857600
INFO   | jvm 1    | 2014/09/28 21:04:57 |  INFO | Connector ws started
INFO   | jvm 1    | 2014/09/28 21:04:57 |  INFO | Apache ActiveMQ 5.10.0 (localhost, ID:GERRY-ASUS-51335-1411909495255-0:1) started
INFO   | jvm 1    | 2014/09/28 21:04:57 |  INFO | For help or more information please see: http://activemq.apache.org
INFO   | jvm 1    | 2014/09/28 21:04:57 |  WARN | Store limit is 102400 mb (current store usage is 0 mb). The data directory: C:\activemq\apache-activemq-5.10.0\bin\win64\..\..\data\kahadb only has 65269 mb of usable space - resetting to maximum available disk space: 65269 mb
FATAL  | wrapper  | 2014/09/28 21:04:58 | OpenSCManager failed - Access is denied. (0x5)
INFO   | jvm 1    | 2014/09/28 21:05:00 |  INFO | ActiveMQ WebConsole available at http://0.0.0.0:8161/
INFO   | jvm 1    | 2014/09/28 21:05:00 |  INFO | Initializing Spring FrameworkServlet 'dispatcher'
INFO   | jvm 1    | 2014/09/28 21:05:02 |  INFO | jolokia-agent: No access restrictor found at classpath:/jolokia-access.xml, access to all MBeans is allowed
INFO   | jvm 1    | 2014/09/28 21:53:46 |  WARN | Transport Connection to: tcp://0:0:0:0:0:0:0:1:51861 failed: java.net.SocketException: Connection reset
INFO   | jvm 1    | 2014/09/28 21:54:09 |  WARN | Transport Connection to: tcp://0:0:0:0:0:0:0:1:51865 failed: java.net.SocketException: Connection reset
INFO   | jvm 1    | 2014/09/28 22:00:54 |  WARN | Transport Connection to: tcp://0:0:0:0:0:0:0:1:51891 failed: org.apache.activemq.transport.InactivityIOException: Channel was inactive for too (>30000) long: tcp://0:0:0:0:0:0:0:1:51891
INFO   | jvm 1    | 2014/09/29 00:38:15 |  WARN | Transport Connection to: tcp://0:0:0:0:0:0:0:1:53376 failed: java.net.SocketException: Connection reset
INFO   | jvm 1    | 2014/09/29 08:41:23 |  WARN | Transport Connection to: tcp://0:0:0:0:0:0:0:1:53658 failed: java.net.SocketException: Connection reset
INFO   | jvm 1    | 2014/09/29 08:53:11 |  WARN | Transport Connection to: tcp://0:0:0:0:0:0:0:1:53850 failed: java.net.SocketException: Connection reset
INFO   | jvm 1    | 2014/09/29 21:05:14 |  WARN | Transport Connection to: tcp://0:0:0:0:0:0:0:1:53963 failed: java.io.EOFException
STATUS | wrapper  | 2014/09/30 08:18:09 | --> Wrapper Started as Console
STATUS | wrapper  | 2014/09/30 08:18:09 | Launching a JVM...
INFO   | jvm 1    | 2014/09/30 08:18:11 | Wrapper (Version 3.2.3) http://wrapper.tanukisoftware.org
INFO   | jvm 1    | 2014/09/30 08:18:11 |   Copyright 1999-2006 Tanuki Software, Inc.  All Rights Reserved.
INFO   | jvm 1    | 2014/09/30 08:18:11 | 
INFO   | jvm 1    | 2014/09/30 08:18:11 | Java Runtime: Oracle Corporation 1.7.0_45 C:\Program Files\Java\jre7
INFO   | jvm 1    | 2014/09/30 08:18:11 |   Heap sizes: current=61440k  free=56177k  max=932352k
INFO   | jvm 1    | 2014/09/30 08:18:11 |     JVM args: -Dactivemq.home=../.. -Dactivemq.base=../.. -Djavax.net.ssl.keyStorePassword=password -Djavax.net.ssl.trustStorePassword=password -Djavax.net.ssl.keyStore=../../conf/broker.ks -Djavax.net.ssl.trustStore=../../conf/broker.ts -Dcom.sun.management.jmxremote -Dorg.apache.activemq.UseDedicatedTaskRunner=true -Djava.util.logging.config.file=logging.properties -Dactivemq.conf=../../conf -Dactivemq.data=../../data -Djava.security.auth.login.config=../../conf/login.config -Xmx1024m -Djava.library.path=../../bin/win64 -Dwrapper.key=xzyB_UjVzIYARmrn -Dwrapper.port=32000 -Dwrapper.jvm.port.min=31000 -Dwrapper.jvm.port.max=31999 -Dwrapper.pid=5056 -Dwrapper.version=3.2.3 -Dwrapper.native_library=wrapper -Dwrapper.cpu.timeout=10 -Dwrapper.jvmid=1
INFO   | jvm 1    | 2014/09/30 08:18:11 | Extensions classpath:
INFO   | jvm 1    | 2014/09/30 08:18:11 |   [..\..\lib,..\..\lib\camel,..\..\lib\optional,..\..\lib\web,..\..\lib\extra]
INFO   | jvm 1    | 2014/09/30 08:18:11 | ACTIVEMQ_HOME: ..\..
INFO   | jvm 1    | 2014/09/30 08:18:11 | ACTIVEMQ_BASE: ..\..
INFO   | jvm 1    | 2014/09/30 08:18:11 | ACTIVEMQ_CONF: ..\..\conf
INFO   | jvm 1    | 2014/09/30 08:18:11 | ACTIVEMQ_DATA: ..\..\data
INFO   | jvm 1    | 2014/09/30 08:18:11 | Loading message broker from: xbean:activemq.xml
INFO   | jvm 1    | 2014/09/30 08:18:11 |  INFO | Refreshing org.apache.activemq.xbean.XBeanBrokerFactory$1@214e6393: startup date [Tue Sep 30 08:18:11 SGT 2014]; root of context hierarchy
INFO   | jvm 1    | 2014/09/30 08:18:17 |  INFO | PListStore:[C:\activemq\apache-activemq-5.10.0\bin\win64\..\..\data\localhost\tmp_storage] started
INFO   | jvm 1    | 2014/09/30 08:18:17 |  INFO | Using Persistence Adapter: KahaDBPersistenceAdapter[C:\activemq\apache-activemq-5.10.0\bin\win64\..\..\data\kahadb]
INFO   | jvm 1    | 2014/09/30 08:18:17 |  INFO | KahaDB is version 5
INFO   | jvm 1    | 2014/09/30 08:18:18 |  INFO | Recovering from the journal ...
INFO   | jvm 1    | 2014/09/30 08:18:18 |  INFO | Recovery replayed 254 operations from the journal in 0.179 seconds.
INFO   | jvm 1    | 2014/09/30 08:18:18 |  INFO | Apache ActiveMQ 5.10.0 (localhost, ID:GERRY-ASUS-50528-1412036298139-0:1) is starting
INFO   | jvm 1    | 2014/09/30 08:18:18 |  INFO | Listening for connections at: tcp://GERRY-ASUS:61616?maximumConnections=1000&wireFormat.maxFrameSize=104857600
INFO   | jvm 1    | 2014/09/30 08:18:18 |  INFO | Connector openwire started
INFO   | jvm 1    | 2014/09/30 08:18:18 |  INFO | Listening for connections at: amqp://GERRY-ASUS:5672?maximumConnections=1000&wireFormat.maxFrameSize=104857600
INFO   | jvm 1    | 2014/09/30 08:18:18 |  INFO | Connector amqp started
INFO   | jvm 1    | 2014/09/30 08:18:18 |  INFO | Listening for connections at: stomp://GERRY-ASUS:61613?maximumConnections=1000&wireFormat.maxFrameSize=104857600
INFO   | jvm 1    | 2014/09/30 08:18:18 |  INFO | Connector stomp started
INFO   | jvm 1    | 2014/09/30 08:18:18 |  INFO | Listening for connections at: mqtt://GERRY-ASUS:1883?maximumConnections=1000&wireFormat.maxFrameSize=104857600
INFO   | jvm 1    | 2014/09/30 08:18:18 |  INFO | Connector mqtt started
INFO   | jvm 1    | 2014/09/30 08:18:19 |  INFO | Listening for connections at ws://GERRY-ASUS:61614?maximumConnections=1000&wireFormat.maxFrameSize=104857600
INFO   | jvm 1    | 2014/09/30 08:18:19 |  INFO | Connector ws started
INFO   | jvm 1    | 2014/09/30 08:18:19 |  INFO | Apache ActiveMQ 5.10.0 (localhost, ID:GERRY-ASUS-50528-1412036298139-0:1) started
INFO   | jvm 1    | 2014/09/30 08:18:19 |  INFO | For help or more information please see: http://activemq.apache.org
INFO   | jvm 1    | 2014/09/30 08:18:19 |  WARN | Store limit is 102400 mb (current store usage is 0 mb). The data directory: C:\activemq\apache-activemq-5.10.0\bin\win64\..\..\data\kahadb only has 57151 mb of usable space - resetting to maximum available disk space: 57151 mb
INFO   | jvm 1    | 2014/09/30 08:18:20 |  INFO | ActiveMQ WebConsole available at http://0.0.0.0:8161/
INFO   | jvm 1    | 2014/09/30 08:18:20 |  INFO | Initializing Spring FrameworkServlet 'dispatcher'
INFO   | jvm 1    | 2014/09/30 08:18:21 |  INFO | jolokia-agent: No access restrictor found at classpath:/jolokia-access.xml, access to all MBeans is allowed
